<?xml version="1.0" encoding="UTF-8" ?>
<testsuites name="vitest tests" tests="20" failures="0" errors="0" time="0.1829489">
    <testsuite name="src/lib/components/error-fallback/ErrorFallback.test.tsx" timestamp="2025-02-02T16:44:58.947Z" hostname="WINDOWS-UH9N5GA" tests="7" failures="0" errors="0" skipped="0" time="0.0737393">
        <testcase classname="src/lib/components/error-fallback/ErrorFallback.test.tsx" name="ErrorFallback &gt; rendering &gt; should render error title and message correctly" time="0.0204783">
        </testcase>
        <testcase classname="src/lib/components/error-fallback/ErrorFallback.test.tsx" name="ErrorFallback &gt; rendering &gt; should render default message when error message is empty" time="0.0024273">
        </testcase>
        <testcase classname="src/lib/components/error-fallback/ErrorFallback.test.tsx" name="ErrorFallback &gt; rendering &gt; should handle error with status code" time="0.0019503">
        </testcase>
        <testcase classname="src/lib/components/error-fallback/ErrorFallback.test.tsx" name="ErrorFallback &gt; accessibility &gt; should have proper ARIA attributes" time="0.0024627">
        </testcase>
        <testcase classname="src/lib/components/error-fallback/ErrorFallback.test.tsx" name="ErrorFallback &gt; accessibility &gt; should have accessible refresh button" time="0.0405792">
        </testcase>
        <testcase classname="src/lib/components/error-fallback/ErrorFallback.test.tsx" name="ErrorFallback &gt; interactions &gt; should trigger page reload when refresh button is clicked" time="0.003424">
        </testcase>
        <testcase classname="src/lib/components/error-fallback/ErrorFallback.test.tsx" name="ErrorFallback &gt; test ids &gt; should have all required test ids" time="0.0014148">
        </testcase>
    </testsuite>
    <testsuite name="src/lib/components/steps/Steps.test.tsx" timestamp="2025-02-02T16:44:58.948Z" hostname="WINDOWS-UH9N5GA" tests="8" failures="0" errors="0" skipped="0" time="0.0640238">
        <testcase classname="src/lib/components/steps/Steps.test.tsx" name="Steps &gt; renders nothing when steps array is empty" time="0.0118874">
        </testcase>
        <testcase classname="src/lib/components/steps/Steps.test.tsx" name="Steps &gt; renders all steps with correct content" time="0.0110795">
        </testcase>
        <testcase classname="src/lib/components/steps/Steps.test.tsx" name="Steps &gt; renders heading and subheading when provided" time="0.0023362">
        </testcase>
        <testcase classname="src/lib/components/steps/Steps.test.tsx" name="Steps &gt; renders highlighted text in subheading correctly" time="0.0024923">
        </testcase>
        <testcase classname="src/lib/components/steps/Steps.test.tsx" name="Steps &gt; applies custom className when provided" time="0.0021027">
        </testcase>
        <testcase classname="src/lib/components/steps/Steps.test.tsx" name="Steps &gt; renders correct number of steps" time="0.0255764">
        </testcase>
        <testcase classname="src/lib/components/steps/Steps.test.tsx" name="Steps &gt; renders steps with correct accessibility attributes" time="0.0046822">
        </testcase>
        <testcase classname="src/lib/components/steps/Steps.test.tsx" name="Steps &gt; handles multiple highlights in subheading" time="0.0025901">
        </testcase>
    </testsuite>
    <testsuite name="src/lib/components/tagline/Tagline.spec.tsx" timestamp="2025-02-02T16:44:58.949Z" hostname="WINDOWS-UH9N5GA" tests="5" failures="0" errors="0" skipped="0" time="0.0451858">
        <testcase classname="src/lib/components/tagline/Tagline.spec.tsx" name="Tagline &gt; renders with the correct text" time="0.0146457">
        </testcase>
        <testcase classname="src/lib/components/tagline/Tagline.spec.tsx" name="Tagline &gt; applies additional class names" time="0.0016544">
        </testcase>
        <testcase classname="src/lib/components/tagline/Tagline.spec.tsx" name="Tagline &gt; applies inline styles" time="0.02264">
        </testcase>
        <testcase classname="src/lib/components/tagline/Tagline.spec.tsx" name="Tagline &gt; sets the id attribute" time="0.0027451">
        </testcase>
        <testcase classname="src/lib/components/tagline/Tagline.spec.tsx" name="Tagline &gt; sets the data-testid attribute" time="0.0024984">
        </testcase>
    </testsuite>
</testsuites>
